app/build/intermediates/manifest_merge_blame_file/debug/manifest-merger-blame-debug-report.txt
1<?xml version="1.0" encoding="utf-8"?>
2<manifest xmlns:android="http://schemas.android.com/apk/res/android"
3    package="mg.studio.android.survey"
4    android:versionCode="1"
5    android:versionName="1.0" >
6
7    <uses-sdk
8        android:minSdkVersion="15"
8-->src\main\AndroidManifest.xml
9        android:targetSdkVersion="29" />
9-->src\main\AndroidManifest.xml
10
11    <uses-permission android:name="android.permission.READ_EXTERNAL_STORAGE" />
11-->src\main\AndroidManifest.xml:6:5-8:11
11-->src\main\AndroidManifest.xml:7:9-64
12    <uses-permission android:name="android.permission.WRITE_EXTERNAL_STORAGE" />
12-->src\main\AndroidManifest.xml:9:5-11:11
12-->src\main\AndroidManifest.xml:10:9-65
13
14    <application
14-->src\main\AndroidManifest.xml:13:5-41:19
15        android:allowBackup="true"
15-->src\main\AndroidManifest.xml:14:9-35
16        android:appComponentFactory="androidx.core.app.CoreComponentFactory"
16-->[androidx.core:core:1.1.0] AndroidManifest.xml:24:18-86
17        android:debuggable="true"
18        android:icon="@mipmap/ic_launcher"
18-->src\main\AndroidManifest.xml:15:9-43
19        android:label="@string/app_name"
19-->src\main\AndroidManifest.xml:16:9-41
20        android:roundIcon="@mipmap/ic_launcher_round"
20-->src\main\AndroidManifest.xml:17:9-54
21        android:supportsRtl="true"
21-->src\main\AndroidManifest.xml:18:9-35
22        android:testOnly="true"
23        android:theme="@style/AppTheme" >
23-->src\main\AndroidManifest.xml:19:9-40
24        <activity android:name="mg.studio.android.survey.reportActivity" />
24-->src\main\AndroidManifest.xml:20:9-61
24-->src\main\AndroidManifest.xml:20:19-49
25        <activity android:name="mg.studio.android.survey.finishsurveyActivity" />
25-->src\main\AndroidManifest.xml:21:9-58
25-->src\main\AndroidManifest.xml:21:19-55
26        <activity android:name="mg.studio.android.survey.questiontwelveActivity" />
26-->src\main\AndroidManifest.xml:22:9-60
26-->src\main\AndroidManifest.xml:22:19-57
27        <activity android:name="mg.studio.android.survey.questionelevenActivity" />
27-->src\main\AndroidManifest.xml:23:9-60
27-->src\main\AndroidManifest.xml:23:19-57
28        <activity android:name="mg.studio.android.survey.questiontenActivity" />
28-->src\main\AndroidManifest.xml:24:9-57
28-->src\main\AndroidManifest.xml:24:19-54
29        <activity android:name="mg.studio.android.survey.questionnineActivity" />
29-->src\main\AndroidManifest.xml:25:9-58
29-->src\main\AndroidManifest.xml:25:19-55
30        <activity android:name="mg.studio.android.survey.questioneightActivity" />
30-->src\main\AndroidManifest.xml:26:9-59
30-->src\main\AndroidManifest.xml:26:19-56
31        <activity android:name="mg.studio.android.survey.questionsevenActivity" />
31-->src\main\AndroidManifest.xml:27:9-59
31-->src\main\AndroidManifest.xml:27:19-56
32        <activity android:name="mg.studio.android.survey.questionsixActivity" />
32-->src\main\AndroidManifest.xml:28:9-57
32-->src\main\AndroidManifest.xml:28:19-54
33        <activity android:name="mg.studio.android.survey.questionfiveActivity" />
33-->src\main\AndroidManifest.xml:29:9-58
33-->src\main\AndroidManifest.xml:29:19-55
34        <activity android:name="mg.studio.android.survey.questionfourActivity" />
34-->src\main\AndroidManifest.xml:30:9-58
34-->src\main\AndroidManifest.xml:30:19-55
35        <activity android:name="mg.studio.android.survey.questionthreeActivity" />
35-->src\main\AndroidManifest.xml:31:9-59
35-->src\main\AndroidManifest.xml:31:19-56
36        <activity android:name="mg.studio.android.survey.questiontwoActivity" />
36-->src\main\AndroidManifest.xml:32:9-57
36-->src\main\AndroidManifest.xml:32:19-54
37        <activity android:name="mg.studio.android.survey.questiononeActivity" />
37-->src\main\AndroidManifest.xml:33:9-57
37-->src\main\AndroidManifest.xml:33:19-54
38        <activity android:name="mg.studio.android.survey.MainActivity" >
38-->src\main\AndroidManifest.xml:34:9-40:20
38-->src\main\AndroidManifest.xml:34:19-47
39            <intent-filter>
39-->src\main\AndroidManifest.xml:35:13-39:29
40                <action android:name="android.intent.action.MAIN" />
40-->src\main\AndroidManifest.xml:36:17-69
40-->src\main\AndroidManifest.xml:36:25-66
41
42                <category android:name="android.intent.category.LAUNCHER" />
42-->src\main\AndroidManifest.xml:38:17-77
42-->src\main\AndroidManifest.xml:38:27-74
43            </intent-filter>
44        </activity>
45    </application>
46
47</manifest>